[18Jan2025 00:06:45.700] [Server thread/INFO] [net.minecraft.server.players.PlayerList/]: Flaqued[/127.239.216.111:36395] logged in with entity id 48645 at (-881.9764996455203, 175.0, 1016.4819507807126)
[18Jan2025 00:06:45.719] [Server thread/INFO] [net.minecraft.server.MinecraftServer/]: Flaqued joined the game
[18Jan2025 00:06:45.811] [Server thread/INFO] [Jade/]: Syncing config to Flaqued (27adeace-c457-38e2-af22-1daac0bce6bd)
[18Jan2025 00:07:18.038] [Server thread/INFO] [net.minecraft.server.MinecraftServer/]: [Flaqued: Teleported Flaqued to -891.500000, 65.500000, 1286.500000]
[18Jan2025 00:07:48.308] [Server thread/INFO] [net.minecraft.server.MinecraftServer/]: [Flaqued: Teleported Flaqued to -462.500000, 64.500000, 605.500000]
[18Jan2025 00:08:16.657] [Server thread/INFO] [net.minecraft.server.MinecraftServer/]: [Flaqued: Teleported Flaqued to -870.500000, 175.500000, 1020.500000]
[18Jan2025 00:08:21.873] [Server thread/INFO] [net.minecraft.server.MinecraftServer/]: [Flaqued: Teleported Flaqued to -870.500000, 174.500000, 967.500000]
[18Jan2025 00:09:48.425] [Server thread/INFO] [net.minecraft.server.MinecraftServer/]: [Flaqued: Teleported Flaqued to -459.500000, 62.500000, 606.500000]
[18Jan2025 00:11:50.973] [Server thread/INFO] [net.minecraft.server.MinecraftServer/]: [Flaqued: Teleported Flaqued to -871.500000, 175.500000, 1019.500000]
[18Jan2025 00:16:53.926] [Server thread/INFO] [net.minecraft.server.MinecraftServer/]: [Not Secure] <Flaqued> z
[18Jan2025 00:16:54.043] [Server thread/INFO] [net.minecraft.server.MinecraftServer/]: [Not Secure] <ThunDer992> z
[18Jan2025 00:16:54.102] [Server thread/INFO] [net.minecraft.server.MinecraftServer/]: [Not Secure] <Flaqued> z
[18Jan2025 00:16:54.343] [Server thread/INFO] [net.minecraft.server.MinecraftServer/]: [Not Secure] <Flaqued> z
[18Jan2025 00:16:54.532] [Server thread/INFO] [net.minecraft.server.MinecraftServer/]: [Not Secure] <Flaqued> z
[18Jan2025 00:16:54.731] [Server thread/INFO] [net.minecraft.server.MinecraftServer/]: [Not Secure] <Flaqued> z
[18Jan2025 00:16:54.938] [Server thread/INFO] [net.minecraft.server.MinecraftServer/]: [Not Secure] <Flaqued> zz
[18Jan2025 00:23:26.003] [Server thread/INFO] [net.minecraft.server.MinecraftServer/]: [Not Secure] <Flaqued> 17
[18Jan2025 00:25:31.541] [Server thread/INFO] [net.minecraft.server.MinecraftServer/]: Flaqued fell from a high place
[18Jan2025 00:25:38.958] [Server thread/INFO] [net.minecraft.server.MinecraftServer/]: [Flaqued: Teleported Flaqued to -878.500000, 172.500000, 962.500000]
[18Jan2025 00:28:10.950] [Server thread/INFO] [net.minecraft.server.MinecraftServer/]: [Not Secure] <ThunDer992> zz
[18Jan2025 00:33:11.803] [Server thread/INFO] [net.minecraft.server.MinecraftServer/]: [Flaqued: Teleported ThunDer992 to Flaqued]
[18Jan2025 00:37:50.443] [Server thread/INFO] [net.minecraft.server.MinecraftServer/]: [Flaqued: Gave 15 [Steak] to Flaqued]
[18Jan2025 00:39:39.220] [Server thread/INFO] [net.minecraft.server.network.ServerGamePacketListenerImpl/]: ThunDer992 lost connection: Disconnected
[18Jan2025 00:39:39.220] [Server thread/INFO] [net.minecraft.server.MinecraftServer/]: ThunDer992 left the game
[18Jan2025 00:44:07.142] [Server thread/INFO] [net.minecraft.server.MinecraftServer/]: Flaqued fell from a high place
[18Jan2025 00:44:13.354] [Server thread/INFO] [net.minecraft.server.MinecraftServer/]: [Flaqued: Teleported Flaqued to -877.500000, 172.500000, 966.500000]
[18Jan2025 00:48:27.359] [Server thread/INFO] [net.minecraft.server.MinecraftServer/]: [Flaqued: Gave 1 [Diamond Pickaxe] to Flaqued]
[18Jan2025 00:58:00.919] [Server thread/INFO] [net.minecraft.server.MinecraftServer/]: Flaqued was slain by Spider
[18Jan2025 01:01:58.524] [Server thread/INFO] [net.minecraft.server.MinecraftServer/]: [Flaqued: Teleported Flaqued to -874.500000, 172.500000, 954.500000]
[18Jan2025 01:05:15.347] [Server thread/INFO] [net.minecraft.server.MinecraftServer/]: [Flaqued: Teleported Flaqued to -431.500000, 64.500000, 608.500000]
[18Jan2025 01:08:45.817] [Server thread/INFO] [net.minecraft.server.MinecraftServer/]: [Flaqued: Teleported Flaqued to -872.500000, 177.500000, 968.500000]
[18Jan2025 01:19:02.387] [Server thread/INFO] [net.minecraft.server.MinecraftServer/]: [Flaqued: Gave 1 [Diamond Hoe] to Flaqued]
[18Jan2025 01:19:07.876] [Server thread/INFO] [net.minecraft.server.MinecraftServer/]: [Flaqued: Gave 1 [Diamond Shovel] to Flaqued]
[18Jan2025 01:37:20.135] [Server thread/INFO] [net.minecraft.server.players.PlayerList/]: ThunDer992[/127.177.94.13:55269] logged in with entity id 79257 at (-873.6713324687785, 172.0, 965.964056005053)
[18Jan2025 01:37:20.142] [Server thread/INFO] [net.minecraft.server.MinecraftServer/]: ThunDer992 joined the game
[18Jan2025 01:37:20.202] [Server thread/INFO] [Jade/]: Syncing config to ThunDer992 (bee1da93-8f92-3de4-98f0-fb1d96b2b714)
[18Jan2025 01:39:11.443] [Server thread/INFO] [net.minecraft.server.MinecraftServer/]: [Flaqued: Teleported ThunDer992 to Flaqued]
[18Jan2025 01:42:03.495] [Server thread/INFO] [net.minecraft.server.MinecraftServer/]: [Flaqued: Teleported Flaqued to ThunDer992]
[18Jan2025 01:42:14.298] [Server thread/INFO] [net.minecraft.server.MinecraftServer/]: [Not Secure] <Flaqued> z
[18Jan2025 01:42:14.525] [Server thread/INFO] [net.minecraft.server.MinecraftServer/]: [Not Secure] <Flaqued> z
[18Jan2025 01:42:14.740] [Server thread/INFO] [net.minecraft.server.MinecraftServer/]: [Not Secure] <Flaqued> z
[18Jan2025 01:42:14.992] [Server thread/INFO] [net.minecraft.server.MinecraftServer/]: [Not Secure] <Flaqued> z
[18Jan2025 01:42:15.223] [Server thread/INFO] [net.minecraft.server.MinecraftServer/]: [Not Secure] <Flaqued> z
[18Jan2025 01:42:15.440] [Server thread/INFO] [net.minecraft.server.MinecraftServer/]: [Not Secure] <Flaqued> z
[18Jan2025 01:42:15.646] [Server thread/INFO] [net.minecraft.server.MinecraftServer/]: [Not Secure] <Flaqued> z
[18Jan2025 01:42:19.475] [Server thread/INFO] [net.minecraft.server.MinecraftServer/]: [Not Secure] <ThunDer992> z
[18Jan2025 01:42:19.628] [Server thread/INFO] [net.minecraft.server.MinecraftServer/]: [Not Secure] <ThunDer992> z
[18Jan2025 01:42:19.747] [Server thread/INFO] [net.minecraft.server.MinecraftServer/]: [Not Secure] <ThunDer992> z
[18Jan2025 01:42:19.885] [Server thread/INFO] [net.minecraft.server.MinecraftServer/]: [Not Secure] <ThunDer992> z
[18Jan2025 01:42:20.732] [Server thread/INFO] [net.minecraft.server.MinecraftServer/]: [Not Secure] <ThunDer992> 5
[18Jan2025 01:42:23.208] [Server thread/INFO] [net.minecraft.server.MinecraftServer/]: [Not Secure] <ThunDer992> fice
[18Jan2025 01:42:24.925] [Server thread/INFO] [net.minecraft.server.MinecraftServer/]: [Not Secure] <ThunDer992> five
[18Jan2025 01:42:27.197] [Server thread/INFO] [net.minecraft.server.MinecraftServer/]: [Not Secure] <ThunDer992> cinco
